<?xml version="1.0" encoding="UTF-8"?>
<!-- Generated by org.testng.reporters.JUnitReportReporter -->
<testsuite hostname="TRSDWGV4I4MW7OV" name="ui_app.testcase.TestLoginCfrontAPP" tests="1" failures="0" timestamp="27 Feb 2018 07:16:37 GMT" time="105.156" errors="0">
  <testcase name="testCforntLogin" time="105.156" classname="ui_app.testcase.TestLoginCfrontAPP"/>
</testsuite> <!-- ui_app.testcase.TestLoginCfrontAPP -->
