<?xml version="1.0" encoding="UTF-8"?>
<!-- Generated by org.testng.reporters.JUnitReportReporter -->
<testsuite hostname="TRSDWGV4I4MW7OV" name="ui_app.testcase.TestWxApp" tests="1" failures="0" timestamp="12 Mar 2018 02:01:56 GMT" time="71.234" errors="0">
  <testcase name="testWXPay" time="71.234" classname="ui_app.testcase.TestWxApp"/>
</testsuite> <!-- ui_app.testcase.TestWxApp -->
