<?xml version="1.0" encoding="UTF-8"?>
<!-- Generated by org.testng.reporters.JUnitReportReporter -->
<testsuite hostname="TRSDWGV4I4MW7OV" name="ui_app.testcase.testhuadong" tests="1" failures="0" timestamp="7 Dec 2017 06:27:35 GMT" time="25.297" errors="0">
  <testcase name="testCforntLogin" time="25.297" classname="ui_app.testcase.testhuadong"/>
</testsuite> <!-- ui_app.testcase.testhuadong -->
