<?xml version="1.0" encoding="UTF-8"?>
<!-- Generated by org.testng.reporters.JUnitReportReporter -->
<testsuite hostname="PC201505201429" name="ui_app.testcase.TestLogicBfrontAPP" tests="1" failures="0" timestamp="1 Mar 2018 09:32:49 GMT" time="65.809" errors="0">
  <testcase name="testBforntLogin" time="65.809" classname="ui_app.testcase.TestLogicBfrontAPP"/>
</testsuite> <!-- ui_app.testcase.TestLogicBfrontAPP -->
