<?xml version="1.0" encoding="UTF-8"?>
<!-- Generated by org.testng.reporters.JUnitReportReporter -->
<testsuite hostname="TRSDWGV4I4MW7OV" name="api.testcase.TestLogic" tests="3" failures="0" timestamp="27 Nov 2017 08:10:39 GMT" time="1.293" errors="0">
  <testcase name="testLogic" time="0.790" classname="api.testcase.TestLogic"/>
  <testcase name="testLogicWrongWithMobile" time="0.256" classname="api.testcase.TestLogic"/>
  <testcase name="testLogicWrongWithPassWord" time="0.247" classname="api.testcase.TestLogic"/>
</testsuite> <!-- api.testcase.TestLogic -->
