<?xml version="1.0" encoding="UTF-8"?>
<!-- Generated by org.testng.reporters.JUnitReportReporter -->
<<<<<<< HEAD
<testsuite hostname="TRSDWGV4I4MW7OV" name="ui_app.testcase.test" tests="1" failures="0" timestamp="12 Mar 2018 02:05:48 GMT" time="178.232" errors="0">
  <testcase name="testBoCe" time="178.232" classname="ui_app.testcase.test"/>
=======
<testsuite hostname="PC201505201429" name="ui_app.testcase.test" tests="1" failures="0" timestamp="11 Mar 2018 16:28:40 GMT" time="96.325" errors="0">
  <testcase name="testBoCe" time="96.325" classname="ui_app.testcase.test"/>
>>>>>>> branch 'master' of https://github.com/sh51995/zidonghua.git
</testsuite> <!-- ui_app.testcase.test -->
