<?xml version="1.0" encoding="UTF-8"?>
<!-- Generated by org.testng.reporters.JUnitReportReporter -->
<testsuite hostname="TRSDWGV4I4MW7OV" name="util.httpclient.Test" tests="1" failures="0" timestamp="14 Sep 2017 08:29:04 GMT" time="1.646" errors="0">
  <testcase name="test" time="1.646" classname="util.httpclient.Test"/>
</testsuite> <!-- util.httpclient.Test -->
